<?xml version="1.0" encoding="UTF-8"?>
<!-- Generated by org.testng.reporters.JUnitReportReporter -->
<testsuite hostname="DESKTOP-FIK5SPH" failures="0" tests="1" name="testcase.testCase_06" time="7.969" errors="0" timestamp="2024-06-06T16:39:41 IST" skipped="0">
  <testcase classname="testcase.testCase_06" name="testcase_07" time="7.969"/>
  <system-out/>
</testsuite> <!-- testcase.testCase_06 -->
