<?xml version="1.0" encoding="UTF-8"?>
<!-- Generated by org.testng.reporters.JUnitReportReporter -->
<testsuite hostname="DESKTOP-FIK5SPH" failures="0" tests="1" name="testcase.testcase_02" time="10.012" errors="0" timestamp="2024-06-06T14:35:41 IST" skipped="0">
  <testcase classname="testcase.testcase_02" name="testCase_02" time="10.012"/>
  <system-out/>
</testsuite> <!-- testcase.testcase_02 -->
