<?xml version="1.0" encoding="UTF-8"?>
<!-- Generated by org.testng.reporters.JUnitReportReporter -->
<testsuite hostname="DESKTOP-FIK5SPH" failures="0" tests="1" name="testcase.testcase_10" time="15.131" errors="0" timestamp="2024-06-07T13:53:32 IST" skipped="0">
  <testcase classname="testcase.testcase_10" name="testcase_11" time="15.131"/>
  <system-out/>
</testsuite> <!-- testcase.testcase_10 -->
