<?xml version="1.0" encoding="UTF-8"?>
<!-- Generated by org.testng.reporters.JUnitReportReporter -->
<testsuite hostname="DESKTOP-FIK5SPH" failures="0" tests="1" name="testcase.testCase_05" time="4.952" errors="0" timestamp="2024-06-06T15:19:56 IST" skipped="0">
  <testcase classname="testcase.testCase_05" name="testCase_05" time="4.952"/>
  <system-out/>
</testsuite> <!-- testcase.testCase_05 -->
