<?xml version="1.0" encoding="UTF-8"?>
<!-- Generated by org.testng.reporters.JUnitReportReporter -->
<testsuite hostname="DESKTOP-FIK5SPH" failures="0" tests="1" name="testcase.testCase_04" time="13.820" errors="0" timestamp="2024-06-06T14:56:01 IST" skipped="0">
  <testcase classname="testcase.testCase_04" name="testCase_04" time="13.820"/>
  <system-out/>
</testsuite> <!-- testcase.testCase_04 -->
