<?xml version="1.0" encoding="UTF-8"?>
<!-- Generated by org.testng.reporters.JUnitReportReporter -->
<testsuite hostname="DESKTOP-FIK5SPH" failures="0" tests="1" name="testcase.testcase_11" time="4.929" errors="0" timestamp="2024-06-10T12:53:44 IST" skipped="0">
  <testcase classname="testcase.testcase_11" name="testcase_11" time="4.929"/>
  <system-out/>
</testsuite> <!-- testcase.testcase_11 -->
