<?xml version="1.0" encoding="UTF-8"?>
<!-- Generated by org.testng.reporters.JUnitReportReporter -->
<testsuite hostname="DESKTOP-FIK5SPH" failures="0" tests="1" name="testcase.testcase_09" time="14.753" errors="0" timestamp="2024-06-07T12:55:25 IST" skipped="0">
  <testcase classname="testcase.testcase_09" name="testcase_9" time="14.753"/>
  <system-out/>
</testsuite> <!-- testcase.testcase_09 -->
