<?xml version="1.0" encoding="UTF-8"?>
<!-- Generated by org.testng.reporters.JUnitReportReporter -->
<testsuite hostname="DESKTOP-FIK5SPH" failures="0" tests="1" name="testcase.testcase16" time="8.796" errors="0" timestamp="2024-08-01T15:02:14 IST" skipped="0">
  <testcase classname="testcase.testcase16" name="testcase_no16" time="8.796"/>
  <system-out/>
</testsuite> <!-- testcase.testcase16 -->
