<?xml version="1.0" encoding="UTF-8"?>
<!-- Generated by org.testng.reporters.JUnitReportReporter -->
<testsuite hostname="DESKTOP-FIK5SPH" failures="0" tests="1" name="testcase.testCase_03" time="5.070" errors="0" timestamp="2024-06-06T15:11:42 IST" skipped="0">
  <testcase classname="testcase.testCase_03" name="testCase_03" time="5.070"/>
  <system-out/>
</testsuite> <!-- testcase.testCase_03 -->
