<?xml version="1.0" encoding="UTF-8"?>
<!-- Generated by org.testng.reporters.JUnitReportReporter -->
<testsuite hostname="DESKTOP-FIK5SPH" failures="0" tests="1" name="testcase.testcase_13" time="4.203" errors="0" timestamp="2024-07-29T16:41:53 IST" skipped="0">
  <testcase classname="testcase.testcase_13" name="testcaseno_13" time="4.203"/>
  <system-out/>
</testsuite> <!-- testcase.testcase_13 -->
