<?xml version="1.0" encoding="UTF-8"?>
<!-- Generated by org.testng.reporters.JUnitReportReporter -->
<testsuite hostname="DESKTOP-FIK5SPH" failures="0" tests="1" name="testcase.testcase_01" time="35.093" errors="0" timestamp="2024-06-06T13:19:29 IST" skipped="0">
  <testcase classname="testcase.testcase_01" name="testcase_01" time="35.093"/>
  <system-out/>
</testsuite> <!-- testcase.testcase_01 -->
